<?xml version="1.0" encoding="UTF-8"?>
<!-- Generated by org.testng.reporters.JUnitReportReporter -->
<testsuite hostname="192.168.1.5" failures="0" tests="6" name="org.selenium.pom.tests.AddToCartTest" time="88.788" errors="0" timestamp="2023-02-11T14:55:14 TRT" skipped="0">
  <testcase classname="org.selenium.pom.tests.AddToCartTest" name="addToCartFeaturedProducts" time="14.929"/>
  <system-out/>
  <testcase classname="org.selenium.pom.tests.AddToCartTest" name="addToCartFeaturedProducts" time="14.317"/>
  <system-out/>
  <testcase classname="org.selenium.pom.tests.AddToCartTest" name="addToCartFromStorePage" time="15.141"/>
  <system-out/>
  <testcase classname="org.selenium.pom.tests.AddToCartTest" name="addToCartFeaturedProducts" time="15.045"/>
  <system-out/>
  <testcase classname="org.selenium.pom.tests.AddToCartTest" name="addToCartFeaturedProducts" time="13.993"/>
  <system-out/>
  <testcase classname="org.selenium.pom.tests.AddToCartTest" name="addToCartFeaturedProducts" time="15.363"/>
  <system-out/>
</testsuite> <!-- org.selenium.pom.tests.AddToCartTest -->
