<?xml version="1.0" encoding="UTF-8"?>
<!-- Generated by org.testng.reporters.JUnitReportReporter -->
<testsuite hostname="192.168.1.5" failures="0" tests="2" name="org.selenium.pom.tests.CheckoutTest" time="41.471" errors="0" timestamp="2023-02-11T14:55:14 TRT" skipped="0">
  <testcase classname="org.selenium.pom.tests.CheckoutTest" name="LoginAndCheckoutUsingDirectBankTransfer" time="21.391"/>
  <system-out/>
  <testcase classname="org.selenium.pom.tests.CheckoutTest" name="GuestCheckoutUsingDirectBankTransfer" time="20.080"/>
  <system-out/>
</testsuite> <!-- org.selenium.pom.tests.CheckoutTest -->
