<?xml version="1.0" encoding="UTF-8"?>
<!-- Generated by org.testng.reporters.JUnitReportReporter -->
<testsuite hostname="192.168.1.5" failures="0" tests="1" name="org.selenium.pom.tests.LoginTest" time="19.458" errors="0" timestamp="2023-02-11T14:55:14 TRT" skipped="0">
  <testcase classname="org.selenium.pom.tests.LoginTest" name="loginDuringCheckout" time="19.458"/>
  <system-out/>
</testsuite> <!-- org.selenium.pom.tests.LoginTest -->
